## 2021-09-02 17:36:29 
MSigDB import: 0.09368682 
Testing 229 gene sets:
PERT-PSP_U0126PERT-PSP_UVPERT-PSP_TORIN1PERT-PSP_WORTMANNINPERT-PSP_VIRUS_INFECTIONPERT-PSP_TNFPERT-PSP_VANADATE       






PERT-PSP_THROMBIN 
PERT-PSP_SU11274 
PERT-PSP_SORBITOL 
PERT-PSP_SIRNA 
PERT-PSP_SII_ANGIOTENSIN_2 
PERT-PSP_SERUM 
PERT-PSP_RAPAMYCIN 
PERT-PSP_PHORBOL_ESTER_IONOMYCIN 
PERT-PSP_PHORBOL_ESTER 
PERT-PSP_PDGF 
PERT-PSP_PD98059 
PERT-PSP_PAR2_ACTIVATING_PEPTIDE 
PERT-PSP_OKADAIC_ACID 
PERT-PSP_NOCODAZOLE 
PERT-PSP_LY294002 
PERT-PSP_LPS 
PERT-PSP_LPA 
PERT-PSP_LITHIUM 
PERT-PSP_LAPATINIB 
PERT-PSP_IONOMYCIN 
PERT-PSP_IONIZING_RADIATION 
PERT-PSP_INSULIN 
PERT-PSP_IL_6 
PERT-PSP_IL_2 
PERT-PSP_IL_1B 
PERT-PSP_IL_1A 
PERT-PSP_IGF_1 
PERT-PSP_HYDROXYUREA 
PERT-PSP_HGF 
PERT-PSP_H2O2 
PERT-PSP_GM_CSF 
PERT-PSP_GENISTEIN 
PERT-PSP_GEFITINIB 
PERT-PSP_FORSKOLIN 
PERT-PSP_FGF1 
PERT-PSP_EXERCISE 
PERT-PSP_ETOPOSIDE 
PERT-PSP_EPO 
PERT-PSP_EGF 
PERT-PSP_CISPLATIN 
PERT-PSP_BACTERIAL_INFECTION 
PERT-PSP_AZD8055 
PERT-PSP_ANTI_IGM 
PERT-PSP_ANTI_CD3 
PERT-PSP_ANISOMYCIN 
PERT-PSP_AMINO_ACIDS 
PERT-PSP_AG1478 
PERT-PSP_4_HT 
PERT-P100-PRM_ZEBULARINE 
PERT-P100-PRM_VX-970 
PERT-P100-PRM_VORINOSTAT_HMS 
PERT-P100-PRM_VORINOSTAT 
PERT-P100-PRM_VERTEPORFIN 
PERT-P100-PRM_TAXOLPERT-P100-PRM_VEMURAFENIB  

PERT-P100-PRM_TACROLIMUS 
PERT-P100-PRM_STAUROSPORINE 
PERT-P100-PRM_SP600125 
PERT-P100-PRM_SEMAGACESTATPERT-P100-PRM_SELUMETINIB  

PERT-P100-PRM_SCH_900776 
PERT-P100-PRM_SALERMIDE 
PERT-P100-PRM_ROSCOVITINE 
PERT-P100-PRM_PS-1145 
PERT-P100-PRM_PD0325901 
PERT-P100-PRM_NILOTINIB 
PERT-P100-PRM_METHYLSTAT 
PERT-P100-PRM_LOSMAPIMOD 
PERT-P100-PRM_LENALIDOMIDE 
PERT-P100-PRM_KN-93 
PERT-P100-PRM_IPI145 
PERT-P100-PRM_FLAVOPIRIDOL 
PERT-P100-PRM_ETOPOSIDE 
PERT-P100-PRM_EPZ-5687 
PERT-P100-PRM_DMSO 
PERT-P100-PRM_DECITABINE 
PERT-P100-PRM_DASATINIB 
PERT-P100-PRM_DACTOLISIB 
PERT-P100-PRM_CI-994 
PERT-P100-PRM_CHIR99021 
PERT-P100-PRM_BYL719 
PERT-P100-PRM_BMS-345541 
PERT-P100-PRM_ALPELISIB 
PERT-P100-DIA_VORINOSTAT 
PERT-P100-DIA_VANDETANIB 
PERT-P100-DIA_UNC1215 
PERT-P100-DIA_UNC-0646 
PERT-P100-DIA_UNC-0321 
PERT-P100-DIA_TRICHOSTATIN_A 
PERT-P100-DIA_STAUROSPORINE 
PERT-P100-DIA_SP600125 
PERT-P100-DIA_SEMAGACESTAT 
PERT-P100-DIA_SELUMETINIB 
PERT-P100-DIA_SCH_900776 
PERT-P100-DIA_RUXOLITINIB 
PERT-P100-DIA_RESVERATROL 
PERT-P100-DIA_PS-1145 
PERT-P100-DIA_PRI-724 
PERT-P100-DIA_PD0325901 
PERT-P100-DIA_NILOTINIB 
PERT-P100-DIA_MS-275 
PERT-P100-DIA_MOMELOTINIB 
PERT-P100-DIA_METHYLSTAT 
PERT-P100-DIA_LY-294002 
PERT-P100-DIA_LENALIDOMIDE 
PERT-P100-DIA_JQ1-S 
PERT-P100-DIA_GSK-J4 
PERT-P100-DIA_GELDANAMYCIN 
PERT-P100-DIA_EXIFONE 
PERT-P100-DIA_EX527 
PERT-P100-DIA_EPZ-5687 
PERT-P100-DIA_EPZ-5676 
PERT-P100-DIA_DMSO 
PERT-P100-DIA_DEXAMETHASONE 
PERT-P100-DIA_CPI-169 
PERT-P100-DIA_CI-994 
PERT-P100-DIA_CHIR99021 
PERT-P100-DIA_CC-401 
PERT-P100-DIA_CALYCULIN_A 
PERT-P100-DIA_C646_(CHEMBL1797936) 
PERT-P100-DIA_BMS-345541 
PERT-P100-DIA_BIX-01338 
PERT-P100-DIA_BELINOSTAT 
PERT-P100-DIA_BAFILOMYCIN_A1 
PERT-P100-DIA_AR_A014418 
PERT-P100-DIA_AFURESERTIB 
PATH-WP_Ras_Signaling 
PATH-WP_PI3K-Akt_Signaling_Pathway 
PATH-WP_Pancreatic_adenocarcinoma_pathway 
PATH-WP_Non-small_cell_lung_cancer 
PATH-WP_MAPK_Signaling_Pathway 
PATH-WP_Endometrial_cancer 
PATH-WP_Chromosomal_and_microsatellite_instability_in_colorectal_cancer 
PATH-WP_Breast_cancer_pathway 
PATH-WP_Bladder_Cancer 
PATH-NP_TWEAK_PATHWAY 
PATH-NP_TSLP_PATHWAY 
PATH-NP_TIE2_PATHWAY 
PATH-NP_T_CELL_RECEPTOR_PATHWAY 
PATH-NP_PROLACTIN_PATHWAY 
PATH-NP_OXYTOCIN_PATHWAY 
PATH-NP_NOTCH_PATHWAY 
PATH-NP_LEPTIN_PATHWAY 
PATH-NP_KIT_RECEPTOR_PATHWAY 
PATH-NP_IL33_PATHWAY 
PATH-NP_IL11_PATHWAY 
PATH-NP_GLP1_PATHWAY 
PATH-NP_GASTRIN_PATHWAY 
PATH-NP_FSH_PATHWAY 
PATH-NP_FGF1_PATHWAY 
PATH-NP_EGFR1_PATHWAY 
PATH-NP_CRH_PATHWAY 
PATH-NP_CCR7_PATHWAY 
PATH-NP_B_CELL_RECEPTOR_PATHWAY 
PATH-NP_AGE_RAGE_PATHWAY 
KINASE-PSP_TBK1 
KINASE-PSP_SRPK1 
KINASE-PSP_Src/SRC 
KINASE-PSP_SGK1 
KINASE-PSP_RSK2/RPS6KA3 
KINASE-PSP_Ret/RET 
KINASE-PSP_RAF1 
KINASE-PSP_PRKD1 
KINASE-PSP_PLK3 
KINASE-PSP_PLK1 
KINASE-PSP_PKG1/PRKG1 
KINASE-PSP_PKCH/PRKCH 
KINASE-PSP_PKCE/PRKCE 
KINASE-PSP_PKCD/PRKCD 
KINASE-PSP_PKCB/PRKCB 
KINASE-PSP_PKCA/PRKCA 
KINASE-PSP_PKACA/PRKACA 
KINASE-PSP_PDK1/PDPK1 
KINASE-PSP_PAK4 
KINASE-PSP_PAK2 
KINASE-PSP_PAK1 
KINASE-PSP_p90RSK/RPS6KA1 
KINASE-PSP_p70S6K/RPS6KB1 
KINASE-PSP_P38D/MAPK13 
KINASE-PSP_P38A/MAPK14 
KINASE-PSP_mTOR/MTOR 
KINASE-PSP_MLK2/MAP3K10 
KINASE-PSP_MELK 
KINASE-PSP_MEK1/MAP2K1 
KINASE-PSP_MAPKAPK2 
KINASE-PSP_JNK3/MAPK10 
KINASE-PSP_JNK2/MAPK9 
KINASE-PSP_JNK1/MAPK8 
KINASE-PSP_GSK3B 
KINASE-PSP_GSK3A 
KINASE-PSP_ERK2/MAPK1 
KINASE-PSP_ERK1/MAPK3 
KINASE-PSP_DYRK2 
KINASE-PSP_DYRK1A 
KINASE-PSP_DNAPK/PRKDC 
KINASE-PSP_Cot/MAP3K8 
KINASE-PSP_CK2A1/CSNK2A1 
KINASE-PSP_CK1D/CSNK1D 
KINASE-PSP_Chk2/CHEK2 
KINASE-PSP_Chk1/CHEK1 
KINASE-PSP_CDK7 
KINASE-PSP_CDK6 
KINASE-PSP_CDK5 
KINASE-PSP_CDK4 
KINASE-PSP_CDK3 
KINASE-PSP_CDK2 
KINASE-PSP_CDK1 
KINASE-PSP_CDC7 
KINASE-PSP_CAMK2A 
KINASE-PSP_BRAF 
KINASE-PSP_AurB/AURKB 
KINASE-PSP_ARAF 
KINASE-PSP_AMPKA1/PRKAA1 
KINASE-PSP_Akt1/AKT1 
DISEASE-PSP_type_2_diabetes 
DISEASE-PSP_PSP 
DISEASE-PSP_Parkinson's_disease 
DISEASE-PSP_neuroblastoma 
DISEASE-PSP_melanoma_skin_cancer 
DISEASE-PSP_medullary_thyroid_carcinoma 
DISEASE-PSP_breast_cancer 
DISEASE-PSP_Alzheimer's_disease 
